<?xml version="1.0" encoding="UTF-8"?>
<!-- Generated by org.testng.reporters.JUnitReportReporter -->
<testsuite hostname="ISSLSupport" failures="0" tests="2" name="test.loginwithbeforemethod" time="93.386" errors="0" timestamp="2023-06-08T16:10:24 WAT" skipped="0">
  <testcase classname="test.loginwithbeforemethod" name="invalidLogin" time="59.926"/>
  <system-out/>
  <testcase classname="test.loginwithbeforemethod" name="validLogin" time="33.460"/>
  <system-out/>
</testsuite> <!-- test.loginwithbeforemethod -->
