<?xml version="1.0" encoding="UTF-8"?>
<!-- Generated by org.testng.reporters.JUnitReportReporter -->
<testsuite hostname="ISSLSupport" failures="0" tests="2" name="test.loginwithbeforetest" time="36.718" errors="0" timestamp="2023-06-08T16:04:00 WAT" skipped="0">
  <testcase classname="test.loginwithbeforetest" name="validLogin" time="14.950"/>
  <system-out/>
  <testcase classname="test.loginwithbeforetest" name="invalidLogin" time="21.768"/>
  <system-out/>
</testsuite> <!-- test.loginwithbeforetest -->
